[WARNING] MI(1507537:140183177680704,MainProcess):2022-08-09-20:37:46.495.130 [MINDCONVERTER] [DEPRECATED] AST conversion would be removed in following version.
[INFO] MI(1507537:140183177680704,MainProcess):2022-08-09-20:37:46.607.400 [MINDCONVERTER] Script file is /home/zixiao.wang/dis-code-2207-semi-mindspore/main-u2net-full-fast-1024.py
[INFO] MI(1507537:140183177680704,MainProcess):2022-08-09-20:37:46.607.473 [MINDCONVERTER] Start converting /hom./zixiao.wang/dis-cod.-2207-s.mi-mindspor./main-u2n.t-full-fast-1024
[INFO] MI(1507537:140183177680704,MainProcess):2022-08-09-20:37:46.630.775 [MINDCONVERTER] Convert report is saved in /home/zixiao.wang/dis-code-2207-semi-mindspore/output/report_of_main-u2net-full-fast-1024.txt
[WARNING] MI(1524407:139967776995136,MainProcess):2022-08-09-20:44:25.484.863 [MINDCONVERTER] [DEPRECATED] AST conversion would be removed in following version.
[INFO] MI(1524407:139967776995136,MainProcess):2022-08-09-20:44:25.625.374 [MINDCONVERTER] Script file is /home/zixiao.wang/dis-code-2207-semi-mindspore/models/u2netfast.py
[INFO] MI(1524407:139967776995136,MainProcess):2022-08-09-20:44:25.625.458 [MINDCONVERTER] Start converting /home/zixiao.wang/di.-code-2207-.emi-mind.pore/model./u2netfa.t
[INFO] MI(1524407:139967776995136,MainProcess):2022-08-09-20:44:25.675.624 [MINDCONVERTER] Line 8: start converting function muti_loss_fusion()
[INFO] MI(1524407:139967776995136,MainProcess):2022-08-09-20:44:25.678.487 [MINDCONVERTER] Line 45: start converting function _upsample_like()
[INFO] MI(1524407:139967776995136,MainProcess):2022-08-09-20:44:25.679.218 [MINDCONVERTER] Line 26: start converting nn.Module REBNCONV
[INFO] MI(1524407:139967776995136,MainProcess):2022-08-09-20:44:25.679.299 [MINDCONVERTER] Line 27: start converting function __init__()
[INFO] MI(1524407:139967776995136,MainProcess):2022-08-09-20:44:25.681.292 [MINDCONVERTER] Line 30 start converting API: nn.Conv2d
[INFO] MI(1524407:139967776995136,MainProcess):2022-08-09-20:44:25.684.808 [MINDCONVERTER] Line 32 start converting API: nn.BatchNorm2d
[INFO] MI(1524407:139967776995136,MainProcess):2022-08-09-20:44:25.686.617 [MINDCONVERTER] Line 33 start converting API: nn.ReLU
[DEBUG] MI(1524407:139967776995136,MainProcess):2022-08-09-20:44:25.687.781 [MINDCONVERTER] REBNCONV.forward is a forward function
[INFO] MI(1524407:139967776995136,MainProcess):2022-08-09-20:44:25.687.854 [MINDCONVERTER] Line 35: start converting function forward()
[INFO] MI(1524407:139967776995136,MainProcess):2022-08-09-20:44:25.689.194 [MINDCONVERTER] Line 52: start converting nn.Module RSU7
[INFO] MI(1524407:139967776995136,MainProcess):2022-08-09-20:44:25.689.271 [MINDCONVERTER] Line 54: start converting function __init__()
[INFO] MI(1524407:139967776995136,MainProcess):2022-08-09-20:44:25.691.561 [MINDCONVERTER] Line 65 start converting API: nn.MaxPool2d
[INFO] MI(1524407:139967776995136,MainProcess):2022-08-09-20:44:25.694.120 [MINDCONVERTER] Line 68 start converting API: nn.MaxPool2d
[INFO] MI(1524407:139967776995136,MainProcess):2022-08-09-20:44:25.696.675 [MINDCONVERTER] Line 71 start converting API: nn.MaxPool2d
[INFO] MI(1524407:139967776995136,MainProcess):2022-08-09-20:44:25.699.230 [MINDCONVERTER] Line 74 start converting API: nn.MaxPool2d
[INFO] MI(1524407:139967776995136,MainProcess):2022-08-09-20:44:25.701.794 [MINDCONVERTER] Line 77 start converting API: nn.MaxPool2d
[DEBUG] MI(1524407:139967776995136,MainProcess):2022-08-09-20:44:25.705.884 [MINDCONVERTER] RSU7.forward is a forward function
[INFO] MI(1524407:139967776995136,MainProcess):2022-08-09-20:44:25.705.957 [MINDCONVERTER] Line 90: start converting function forward()
[INFO] MI(1524407:139967776995136,MainProcess):2022-08-09-20:44:25.709.390 [MINDCONVERTER] Line 114 start converting API: torch.cat
[INFO] MI(1524407:139967776995136,MainProcess):2022-08-09-20:44:25.712.384 [MINDCONVERTER] Line 117 start converting API: torch.cat
[INFO] MI(1524407:139967776995136,MainProcess):2022-08-09-20:44:25.715.236 [MINDCONVERTER] Line 120 start converting API: torch.cat
[INFO] MI(1524407:139967776995136,MainProcess):2022-08-09-20:44:25.718.101 [MINDCONVERTER] Line 123 start converting API: torch.cat
[INFO] MI(1524407:139967776995136,MainProcess):2022-08-09-20:44:25.720.984 [MINDCONVERTER] Line 126 start converting API: torch.cat
[INFO] MI(1524407:139967776995136,MainProcess):2022-08-09-20:44:25.723.870 [MINDCONVERTER] Line 129 start converting API: torch.cat
[INFO] MI(1524407:139967776995136,MainProcess):2022-08-09-20:44:25.726.136 [MINDCONVERTER] Line 135: start converting nn.Module RSU6
[INFO] MI(1524407:139967776995136,MainProcess):2022-08-09-20:44:25.726.217 [MINDCONVERTER] Line 137: start converting function __init__()
[INFO] MI(1524407:139967776995136,MainProcess):2022-08-09-20:44:25.728.369 [MINDCONVERTER] Line 143 start converting API: nn.MaxPool2d
[INFO] MI(1524407:139967776995136,MainProcess):2022-08-09-20:44:25.730.930 [MINDCONVERTER] Line 146 start converting API: nn.MaxPool2d
[INFO] MI(1524407:139967776995136,MainProcess):2022-08-09-20:44:25.733.483 [MINDCONVERTER] Line 149 start converting API: nn.MaxPool2d
[INFO] MI(1524407:139967776995136,MainProcess):2022-08-09-20:44:25.736.038 [MINDCONVERTER] Line 152 start converting API: nn.MaxPool2d
[DEBUG] MI(1524407:139967776995136,MainProcess):2022-08-09-20:44:25.739.848 [MINDCONVERTER] RSU6.forward is a forward function
[INFO] MI(1524407:139967776995136,MainProcess):2022-08-09-20:44:25.739.924 [MINDCONVERTER] Line 164: start converting function forward()
[INFO] MI(1524407:139967776995136,MainProcess):2022-08-09-20:44:25.743.039 [MINDCONVERTER] Line 185 start converting API: torch.cat
[INFO] MI(1524407:139967776995136,MainProcess):2022-08-09-20:44:25.745.912 [MINDCONVERTER] Line 188 start converting API: torch.cat
[INFO] MI(1524407:139967776995136,MainProcess):2022-08-09-20:44:25.748.763 [MINDCONVERTER] Line 191 start converting API: torch.cat
[INFO] MI(1524407:139967776995136,MainProcess):2022-08-09-20:44:25.751.628 [MINDCONVERTER] Line 194 start converting API: torch.cat
[INFO] MI(1524407:139967776995136,MainProcess):2022-08-09-20:44:25.754.482 [MINDCONVERTER] Line 197 start converting API: torch.cat
[INFO] MI(1524407:139967776995136,MainProcess):2022-08-09-20:44:25.756.654 [MINDCONVERTER] Line 205: start converting nn.Module RSU5
[INFO] MI(1524407:139967776995136,MainProcess):2022-08-09-20:44:25.756.736 [MINDCONVERTER] Line 207: start converting function __init__()
[INFO] MI(1524407:139967776995136,MainProcess):2022-08-09-20:44:25.758.917 [MINDCONVERTER] Line 213 start converting API: nn.MaxPool2d
[INFO] MI(1524407:139967776995136,MainProcess):2022-08-09-20:44:25.761.670 [MINDCONVERTER] Line 216 start converting API: nn.MaxPool2d
[INFO] MI(1524407:139967776995136,MainProcess):2022-08-09-20:44:25.764.224 [MINDCONVERTER] Line 219 start converting API: nn.MaxPool2d
[DEBUG] MI(1524407:139967776995136,MainProcess):2022-08-09-20:44:25.767.760 [MINDCONVERTER] RSU5.forward is a forward function
[INFO] MI(1524407:139967776995136,MainProcess):2022-08-09-20:44:25.767.833 [MINDCONVERTER] Line 230: start converting function forward()
[INFO] MI(1524407:139967776995136,MainProcess):2022-08-09-20:44:25.770.573 [MINDCONVERTER] Line 248 start converting API: torch.cat
[INFO] MI(1524407:139967776995136,MainProcess):2022-08-09-20:44:25.773.438 [MINDCONVERTER] Line 251 start converting API: torch.cat
[INFO] MI(1524407:139967776995136,MainProcess):2022-08-09-20:44:25.776.293 [MINDCONVERTER] Line 254 start converting API: torch.cat
[INFO] MI(1524407:139967776995136,MainProcess):2022-08-09-20:44:25.779.240 [MINDCONVERTER] Line 257 start converting API: torch.cat
[INFO] MI(1524407:139967776995136,MainProcess):2022-08-09-20:44:25.781.432 [MINDCONVERTER] Line 265: start converting nn.Module RSU4
[INFO] MI(1524407:139967776995136,MainProcess):2022-08-09-20:44:25.781.512 [MINDCONVERTER] Line 267: start converting function __init__()
[INFO] MI(1524407:139967776995136,MainProcess):2022-08-09-20:44:25.783.693 [MINDCONVERTER] Line 273 start converting API: nn.MaxPool2d
[INFO] MI(1524407:139967776995136,MainProcess):2022-08-09-20:44:25.786.241 [MINDCONVERTER] Line 276 start converting API: nn.MaxPool2d
[DEBUG] MI(1524407:139967776995136,MainProcess):2022-08-09-20:44:25.789.462 [MINDCONVERTER] RSU4.forward is a forward function
[INFO] MI(1524407:139967776995136,MainProcess):2022-08-09-20:44:25.789.536 [MINDCONVERTER] Line 286: start converting function forward()
[INFO] MI(1524407:139967776995136,MainProcess):2022-08-09-20:44:25.791.903 [MINDCONVERTER] Line 301 start converting API: torch.cat
[INFO] MI(1524407:139967776995136,MainProcess):2022-08-09-20:44:25.794.769 [MINDCONVERTER] Line 304 start converting API: torch.cat
[INFO] MI(1524407:139967776995136,MainProcess):2022-08-09-20:44:25.797.609 [MINDCONVERTER] Line 307 start converting API: torch.cat
[INFO] MI(1524407:139967776995136,MainProcess):2022-08-09-20:44:25.799.798 [MINDCONVERTER] Line 313: start converting nn.Module RSU4F
[DEBUG] MI(1524407:139967776995136,MainProcess):2022-08-09-20:44:25.799.886 [MINDCONVERTER] RSU4F.forward is a forward function
[INFO] MI(1524407:139967776995136,MainProcess):2022-08-09-20:44:25.799.956 [MINDCONVERTER] Line 330: start converting function forward()
[INFO] MI(1524407:139967776995136,MainProcess):2022-08-09-20:44:25.801.921 [MINDCONVERTER] Line 341 start converting API: torch.cat
[INFO] MI(1524407:139967776995136,MainProcess):2022-08-09-20:44:25.804.568 [MINDCONVERTER] Line 342 start converting API: torch.cat
[INFO] MI(1524407:139967776995136,MainProcess):2022-08-09-20:44:25.807.067 [MINDCONVERTER] Line 343 start converting API: torch.cat
[INFO] MI(1524407:139967776995136,MainProcess):2022-08-09-20:44:25.809.095 [MINDCONVERTER] Line 349: start converting nn.Module U2NETFAST
[INFO] MI(1524407:139967776995136,MainProcess):2022-08-09-20:44:25.809.174 [MINDCONVERTER] Line 351: start converting function __init__()
[INFO] MI(1524407:139967776995136,MainProcess):2022-08-09-20:44:25.810.794 [MINDCONVERTER] Line 354 start converting API: nn.Conv2d
[INFO] MI(1524407:139967776995136,MainProcess):2022-08-09-20:44:25.813.957 [MINDCONVERTER] Line 358 start converting API: nn.MaxPool2d
[INFO] MI(1524407:139967776995136,MainProcess):2022-08-09-20:44:25.816.492 [MINDCONVERTER] Line 361 start converting API: nn.MaxPool2d
[INFO] MI(1524407:139967776995136,MainProcess):2022-08-09-20:44:25.819.027 [MINDCONVERTER] Line 364 start converting API: nn.MaxPool2d
[INFO] MI(1524407:139967776995136,MainProcess):2022-08-09-20:44:25.821.558 [MINDCONVERTER] Line 367 start converting API: nn.MaxPool2d
[INFO] MI(1524407:139967776995136,MainProcess):2022-08-09-20:44:25.824.092 [MINDCONVERTER] Line 370 start converting API: nn.MaxPool2d
[INFO] MI(1524407:139967776995136,MainProcess):2022-08-09-20:44:25.827.825 [MINDCONVERTER] Line 381 start converting API: nn.Conv2d
[INFO] MI(1524407:139967776995136,MainProcess):2022-08-09-20:44:25.830.493 [MINDCONVERTER] Line 382 start converting API: nn.Conv2d
[INFO] MI(1524407:139967776995136,MainProcess):2022-08-09-20:44:25.833.526 [MINDCONVERTER] Line 383 start converting API: nn.Conv2d
[INFO] MI(1524407:139967776995136,MainProcess):2022-08-09-20:44:25.836.251 [MINDCONVERTER] Line 384 start converting API: nn.Conv2d
[INFO] MI(1524407:139967776995136,MainProcess):2022-08-09-20:44:25.838.899 [MINDCONVERTER] Line 385 start converting API: nn.Conv2d
[INFO] MI(1524407:139967776995136,MainProcess):2022-08-09-20:44:25.841.548 [MINDCONVERTER] Line 386 start converting API: nn.Conv2d
[DEBUG] MI(1524407:139967776995136,MainProcess):2022-08-09-20:44:25.843.754 [MINDCONVERTER] U2NETFAST.forward is a forward function
[INFO] MI(1524407:139967776995136,MainProcess):2022-08-09-20:44:25.843.825 [MINDCONVERTER] Line 394: start converting function forward()
[INFO] MI(1524407:139967776995136,MainProcess):2022-08-09-20:44:25.847.300 [MINDCONVERTER] Line 425 start converting API: torch.cat
[INFO] MI(1524407:139967776995136,MainProcess):2022-08-09-20:44:25.850.192 [MINDCONVERTER] Line 428 start converting API: torch.cat
[INFO] MI(1524407:139967776995136,MainProcess):2022-08-09-20:44:25.853.096 [MINDCONVERTER] Line 431 start converting API: torch.cat
[INFO] MI(1524407:139967776995136,MainProcess):2022-08-09-20:44:25.856.051 [MINDCONVERTER] Line 434 start converting API: torch.cat
[INFO] MI(1524407:139967776995136,MainProcess):2022-08-09-20:44:25.858.931 [MINDCONVERTER] Line 437 start converting API: torch.cat
[WARNING] MI(1524407:139967776995136,MainProcess):2022-08-09-20:44:25.863.597 [MINDCONVERTER] Line 458: found unsupported API: torch.sigmoidMaybe could convert to mindspore.ops.operations.Sigmoid.
[WARNING] MI(1524407:139967776995136,MainProcess):2022-08-09-20:44:25.864.187 [MINDCONVERTER] Line 458: found unsupported API: torch.sigmoidMaybe could convert to mindspore.ops.operations.Sigmoid.
[WARNING] MI(1524407:139967776995136,MainProcess):2022-08-09-20:44:25.864.754 [MINDCONVERTER] Line 458: found unsupported API: torch.sigmoidMaybe could convert to mindspore.ops.operations.Sigmoid.
[WARNING] MI(1524407:139967776995136,MainProcess):2022-08-09-20:44:25.865.386 [MINDCONVERTER] Line 458: found unsupported API: torch.sigmoidMaybe could convert to mindspore.ops.operations.Sigmoid.
[WARNING] MI(1524407:139967776995136,MainProcess):2022-08-09-20:44:25.865.962 [MINDCONVERTER] Line 458: found unsupported API: torch.sigmoidMaybe could convert to mindspore.ops.operations.Sigmoid.
[WARNING] MI(1524407:139967776995136,MainProcess):2022-08-09-20:44:25.866.583 [MINDCONVERTER] Line 459: found unsupported API: torch.sigmoidMaybe could convert to mindspore.ops.operations.Sigmoid.
[INFO] MI(1524407:139967776995136,MainProcess):2022-08-09-20:44:25.900.910 [MINDCONVERTER] Convert success. Result is wrote to /home/zixiao.wang/dis-code-2207-semi-mindspore/output/u2netfast.py.
[INFO] MI(1524407:139967776995136,MainProcess):2022-08-09-20:44:25.901.675 [MINDCONVERTER] Convert report is saved in /home/zixiao.wang/dis-code-2207-semi-mindspore/output/report_of_u2netfast.txt
[INFO] MI(1524407:139967776995136,MainProcess):2022-08-09-20:44:25.901.768 [MINDCONVERTER] MindConverter: conversion is completed.
[WARNING] MI(1528401:140653788129088,MainProcess):2022-08-09-20:46:02.877.469 [MINDCONVERTER] [DEPRECATED] AST conversion would be removed in following version.
[INFO] MI(1528401:140653788129088,MainProcess):2022-08-09-20:46:04.331.645 [MINDCONVERTER] Script file is /home/zixiao.wang/dis-code-2207-semi-mindspore/basics.py
[INFO] MI(1528401:140653788129088,MainProcess):2022-08-09-20:46:04.331.728 [MINDCONVERTER] Start converting /hom./zixiao.wang/dis-cod.-2207-s.mi-mindspor.basics
[INFO] MI(1528401:140653788129088,MainProcess):2022-08-09-20:46:04.351.636 [MINDCONVERTER] Convert report is saved in /home/zixiao.wang/dis-code-2207-semi-mindspore/output/report_of_basics.txt
[WARNING] MI(1550488:139720900962112,MainProcess):2022-08-09-20:57:35.190.023 [MINDCONVERTER] [DEPRECATED] AST conversion would be removed in following version.
[INFO] MI(1550488:139720900962112,MainProcess):2022-08-09-20:57:35.625.000 [MINDCONVERTER] Script file is /home/zixiao.wang/dis-code-2207-semi-mindspore/main-u2net-full-fast-1024-m.py
[INFO] MI(1550488:139720900962112,MainProcess):2022-08-09-20:57:35.625.085 [MINDCONVERTER] Start converting /hom./zixiao.wang/dis-cod.-2207-s.mi-mindspor./main-u2n.t-full-fast-1024-m
[INFO] MI(1550488:139720900962112,MainProcess):2022-08-09-20:57:35.777.284 [MINDCONVERTER] Line 81: start converting function define_basic_elems()
[INFO] MI(1550488:139720900962112,MainProcess):2022-08-09-20:57:35.782.700 [MINDCONVERTER] Line 107: start converting function train()
[INFO] MI(1550488:139720900962112,MainProcess):2022-08-09-20:57:35.805.662 [MINDCONVERTER] Line 248: start converting function valid()
[INFO] MI(1550488:139720900962112,MainProcess):2022-08-09-20:57:35.832.298 [MINDCONVERTER] Line 368: start converting function label()
[INFO] MI(1550488:139720900962112,MainProcess):2022-08-09-20:57:35.845.774 [MINDCONVERTER] Line 616: start converting function mae_torch()
[INFO] MI(1550488:139720900962112,MainProcess):2022-08-09-20:57:35.849.101 [MINDCONVERTER] Line 625: start converting function f1score_torch()
[INFO] MI(1550488:139720900962112,MainProcess):2022-08-09-20:57:35.854.151 [MINDCONVERTER] Line 676: start converting function mae_torch_bear()
[INFO] MI(1550488:139720900962112,MainProcess):2022-08-09-20:57:35.857.468 [MINDCONVERTER] Line 685: start converting function f1score_torch_bear()
[INFO] MI(1550488:139720900962112,MainProcess):2022-08-09-20:57:35.864.566 [MINDCONVERTER] Line 794: start converting function muti_loss_fusion()
[INFO] MI(1550488:139720900962112,MainProcess):2022-08-09-20:57:35.867.046 [MINDCONVERTER] Line 831: start converting function _upsample_like()
[INFO] MI(1550488:139720900962112,MainProcess):2022-08-09-20:57:35.867.708 [MINDCONVERTER] Line 1394: start converting function normalize()
[INFO] MI(1550488:139720900962112,MainProcess):2022-08-09-20:57:35.873.739 [MINDCONVERTER] Line 812: start converting nn.Module REBNCONV
[INFO] MI(1550488:139720900962112,MainProcess):2022-08-09-20:57:35.873.828 [MINDCONVERTER] Line 813: start converting function __init__()
[INFO] MI(1550488:139720900962112,MainProcess):2022-08-09-20:57:35.875.605 [MINDCONVERTER] Line 816 start converting API: nn.Conv2d
[INFO] MI(1550488:139720900962112,MainProcess):2022-08-09-20:57:35.879.134 [MINDCONVERTER] Line 818 start converting API: nn.BatchNorm2d
[INFO] MI(1550488:139720900962112,MainProcess):2022-08-09-20:57:35.880.871 [MINDCONVERTER] Line 819 start converting API: nn.ReLU
[DEBUG] MI(1550488:139720900962112,MainProcess):2022-08-09-20:57:35.881.993 [MINDCONVERTER] REBNCONV.forward is a forward function
[INFO] MI(1550488:139720900962112,MainProcess):2022-08-09-20:57:35.882.064 [MINDCONVERTER] Line 821: start converting function forward()
[INFO] MI(1550488:139720900962112,MainProcess):2022-08-09-20:57:35.883.306 [MINDCONVERTER] Line 838: start converting nn.Module RSU7
[INFO] MI(1550488:139720900962112,MainProcess):2022-08-09-20:57:35.883.385 [MINDCONVERTER] Line 840: start converting function __init__()
[INFO] MI(1550488:139720900962112,MainProcess):2022-08-09-20:57:35.885.524 [MINDCONVERTER] Line 851 start converting API: nn.MaxPool2d
[INFO] MI(1550488:139720900962112,MainProcess):2022-08-09-20:57:35.888.005 [MINDCONVERTER] Line 854 start converting API: nn.MaxPool2d
[INFO] MI(1550488:139720900962112,MainProcess):2022-08-09-20:57:35.890.478 [MINDCONVERTER] Line 857 start converting API: nn.MaxPool2d
[INFO] MI(1550488:139720900962112,MainProcess):2022-08-09-20:57:35.892.961 [MINDCONVERTER] Line 860 start converting API: nn.MaxPool2d
[INFO] MI(1550488:139720900962112,MainProcess):2022-08-09-20:57:35.895.436 [MINDCONVERTER] Line 863 start converting API: nn.MaxPool2d
[DEBUG] MI(1550488:139720900962112,MainProcess):2022-08-09-20:57:35.899.511 [MINDCONVERTER] RSU7.forward is a forward function
[INFO] MI(1550488:139720900962112,MainProcess):2022-08-09-20:57:35.899.581 [MINDCONVERTER] Line 876: start converting function forward()
[INFO] MI(1550488:139720900962112,MainProcess):2022-08-09-20:57:35.902.968 [MINDCONVERTER] Line 900 start converting API: torch.cat
[INFO] MI(1550488:139720900962112,MainProcess):2022-08-09-20:57:35.905.812 [MINDCONVERTER] Line 903 start converting API: torch.cat
[INFO] MI(1550488:139720900962112,MainProcess):2022-08-09-20:57:35.908.736 [MINDCONVERTER] Line 906 start converting API: torch.cat
[INFO] MI(1550488:139720900962112,MainProcess):2022-08-09-20:57:35.911.541 [MINDCONVERTER] Line 909 start converting API: torch.cat
[INFO] MI(1550488:139720900962112,MainProcess):2022-08-09-20:57:35.914.328 [MINDCONVERTER] Line 912 start converting API: torch.cat
[INFO] MI(1550488:139720900962112,MainProcess):2022-08-09-20:57:35.917.121 [MINDCONVERTER] Line 915 start converting API: torch.cat
[INFO] MI(1550488:139720900962112,MainProcess):2022-08-09-20:57:35.919.230 [MINDCONVERTER] Line 921: start converting nn.Module RSU6
[INFO] MI(1550488:139720900962112,MainProcess):2022-08-09-20:57:35.919.311 [MINDCONVERTER] Line 923: start converting function __init__()
[INFO] MI(1550488:139720900962112,MainProcess):2022-08-09-20:57:35.921.381 [MINDCONVERTER] Line 929 start converting API: nn.MaxPool2d
[INFO] MI(1550488:139720900962112,MainProcess):2022-08-09-20:57:35.923.841 [MINDCONVERTER] Line 932 start converting API: nn.MaxPool2d
[INFO] MI(1550488:139720900962112,MainProcess):2022-08-09-20:57:35.926.296 [MINDCONVERTER] Line 935 start converting API: nn.MaxPool2d
[INFO] MI(1550488:139720900962112,MainProcess):2022-08-09-20:57:35.928.772 [MINDCONVERTER] Line 938 start converting API: nn.MaxPool2d
[DEBUG] MI(1550488:139720900962112,MainProcess):2022-08-09-20:57:35.932.545 [MINDCONVERTER] RSU6.forward is a forward function
[INFO] MI(1550488:139720900962112,MainProcess):2022-08-09-20:57:35.932.619 [MINDCONVERTER] Line 950: start converting function forward()
[INFO] MI(1550488:139720900962112,MainProcess):2022-08-09-20:57:35.935.594 [MINDCONVERTER] Line 971 start converting API: torch.cat
[INFO] MI(1550488:139720900962112,MainProcess):2022-08-09-20:57:35.938.398 [MINDCONVERTER] Line 974 start converting API: torch.cat
[INFO] MI(1550488:139720900962112,MainProcess):2022-08-09-20:57:35.941.187 [MINDCONVERTER] Line 977 start converting API: torch.cat
[INFO] MI(1550488:139720900962112,MainProcess):2022-08-09-20:57:35.943.972 [MINDCONVERTER] Line 980 start converting API: torch.cat
[INFO] MI(1550488:139720900962112,MainProcess):2022-08-09-20:57:35.946.761 [MINDCONVERTER] Line 983 start converting API: torch.cat
[INFO] MI(1550488:139720900962112,MainProcess):2022-08-09-20:57:35.948.853 [MINDCONVERTER] Line 991: start converting nn.Module RSU5
[INFO] MI(1550488:139720900962112,MainProcess):2022-08-09-20:57:35.948.931 [MINDCONVERTER] Line 993: start converting function __init__()
[INFO] MI(1550488:139720900962112,MainProcess):2022-08-09-20:57:35.951.009 [MINDCONVERTER] Line 999 start converting API: nn.MaxPool2d
[INFO] MI(1550488:139720900962112,MainProcess):2022-08-09-20:57:35.953.457 [MINDCONVERTER] Line 1002 start converting API: nn.MaxPool2d
[INFO] MI(1550488:139720900962112,MainProcess):2022-08-09-20:57:35.955.912 [MINDCONVERTER] Line 1005 start converting API: nn.MaxPool2d
[DEBUG] MI(1550488:139720900962112,MainProcess):2022-08-09-20:57:35.959.357 [MINDCONVERTER] RSU5.forward is a forward function
[INFO] MI(1550488:139720900962112,MainProcess):2022-08-09-20:57:35.959.427 [MINDCONVERTER] Line 1016: start converting function forward()
[INFO] MI(1550488:139720900962112,MainProcess):2022-08-09-20:57:35.962.052 [MINDCONVERTER] Line 1034 start converting API: torch.cat
[INFO] MI(1550488:139720900962112,MainProcess):2022-08-09-20:57:35.964.862 [MINDCONVERTER] Line 1037 start converting API: torch.cat
[INFO] MI(1550488:139720900962112,MainProcess):2022-08-09-20:57:35.967.638 [MINDCONVERTER] Line 1040 start converting API: torch.cat
[INFO] MI(1550488:139720900962112,MainProcess):2022-08-09-20:57:35.973.276 [MINDCONVERTER] Line 1043 start converting API: torch.cat
[INFO] MI(1550488:139720900962112,MainProcess):2022-08-09-20:57:35.975.757 [MINDCONVERTER] Line 1051: start converting nn.Module RSU4
[INFO] MI(1550488:139720900962112,MainProcess):2022-08-09-20:57:35.975.848 [MINDCONVERTER] Line 1053: start converting function __init__()
[INFO] MI(1550488:139720900962112,MainProcess):2022-08-09-20:57:35.978.065 [MINDCONVERTER] Line 1059 start converting API: nn.MaxPool2d
[INFO] MI(1550488:139720900962112,MainProcess):2022-08-09-20:57:35.980.749 [MINDCONVERTER] Line 1062 start converting API: nn.MaxPool2d
[DEBUG] MI(1550488:139720900962112,MainProcess):2022-08-09-20:57:35.984.014 [MINDCONVERTER] RSU4.forward is a forward function
[INFO] MI(1550488:139720900962112,MainProcess):2022-08-09-20:57:35.984.087 [MINDCONVERTER] Line 1072: start converting function forward()
[INFO] MI(1550488:139720900962112,MainProcess):2022-08-09-20:57:35.986.364 [MINDCONVERTER] Line 1087 start converting API: torch.cat
[INFO] MI(1550488:139720900962112,MainProcess):2022-08-09-20:57:35.989.220 [MINDCONVERTER] Line 1090 start converting API: torch.cat
[INFO] MI(1550488:139720900962112,MainProcess):2022-08-09-20:57:35.992.183 [MINDCONVERTER] Line 1093 start converting API: torch.cat
[INFO] MI(1550488:139720900962112,MainProcess):2022-08-09-20:57:35.994.317 [MINDCONVERTER] Line 1099: start converting nn.Module RSU4F
[DEBUG] MI(1550488:139720900962112,MainProcess):2022-08-09-20:57:35.994.407 [MINDCONVERTER] RSU4F.forward is a forward function
[INFO] MI(1550488:139720900962112,MainProcess):2022-08-09-20:57:35.994.466 [MINDCONVERTER] Line 1116: start converting function forward()
[INFO] MI(1550488:139720900962112,MainProcess):2022-08-09-20:57:35.996.410 [MINDCONVERTER] Line 1127 start converting API: torch.cat
[INFO] MI(1550488:139720900962112,MainProcess):2022-08-09-20:57:35.998.980 [MINDCONVERTER] Line 1128 start converting API: torch.cat
[INFO] MI(1550488:139720900962112,MainProcess):2022-08-09-20:57:36.001.559 [MINDCONVERTER] Line 1129 start converting API: torch.cat
[INFO] MI(1550488:139720900962112,MainProcess):2022-08-09-20:57:36.003.675 [MINDCONVERTER] Line 1135: start converting nn.Module U2NETFAST
[INFO] MI(1550488:139720900962112,MainProcess):2022-08-09-20:57:36.003.757 [MINDCONVERTER] Line 1137: start converting function __init__()
[INFO] MI(1550488:139720900962112,MainProcess):2022-08-09-20:57:36.005.354 [MINDCONVERTER] Line 1140 start converting API: nn.Conv2d
[INFO] MI(1550488:139720900962112,MainProcess):2022-08-09-20:57:36.008.438 [MINDCONVERTER] Line 1144 start converting API: nn.MaxPool2d
[INFO] MI(1550488:139720900962112,MainProcess):2022-08-09-20:57:36.010.918 [MINDCONVERTER] Line 1147 start converting API: nn.MaxPool2d
[INFO] MI(1550488:139720900962112,MainProcess):2022-08-09-20:57:36.013.384 [MINDCONVERTER] Line 1150 start converting API: nn.MaxPool2d
[INFO] MI(1550488:139720900962112,MainProcess):2022-08-09-20:57:36.015.907 [MINDCONVERTER] Line 1153 start converting API: nn.MaxPool2d
[INFO] MI(1550488:139720900962112,MainProcess):2022-08-09-20:57:36.018.365 [MINDCONVERTER] Line 1156 start converting API: nn.MaxPool2d
[INFO] MI(1550488:139720900962112,MainProcess):2022-08-09-20:57:36.022.170 [MINDCONVERTER] Line 1167 start converting API: nn.Conv2d
[INFO] MI(1550488:139720900962112,MainProcess):2022-08-09-20:57:36.024.755 [MINDCONVERTER] Line 1168 start converting API: nn.Conv2d
[INFO] MI(1550488:139720900962112,MainProcess):2022-08-09-20:57:36.027.301 [MINDCONVERTER] Line 1169 start converting API: nn.Conv2d
[INFO] MI(1550488:139720900962112,MainProcess):2022-08-09-20:57:36.029.843 [MINDCONVERTER] Line 1170 start converting API: nn.Conv2d
[INFO] MI(1550488:139720900962112,MainProcess):2022-08-09-20:57:36.032.487 [MINDCONVERTER] Line 1171 start converting API: nn.Conv2d
[INFO] MI(1550488:139720900962112,MainProcess):2022-08-09-20:57:36.035.056 [MINDCONVERTER] Line 1172 start converting API: nn.Conv2d
[DEBUG] MI(1550488:139720900962112,MainProcess):2022-08-09-20:57:36.037.123 [MINDCONVERTER] U2NETFAST.forward is a forward function
[INFO] MI(1550488:139720900962112,MainProcess):2022-08-09-20:57:36.037.195 [MINDCONVERTER] Line 1180: start converting function forward()
[INFO] MI(1550488:139720900962112,MainProcess):2022-08-09-20:57:36.040.681 [MINDCONVERTER] Line 1211 start converting API: torch.cat
[INFO] MI(1550488:139720900962112,MainProcess):2022-08-09-20:57:36.043.515 [MINDCONVERTER] Line 1214 start converting API: torch.cat
[INFO] MI(1550488:139720900962112,MainProcess):2022-08-09-20:57:36.046.358 [MINDCONVERTER] Line 1217 start converting API: torch.cat
[INFO] MI(1550488:139720900962112,MainProcess):2022-08-09-20:57:36.049.165 [MINDCONVERTER] Line 1220 start converting API: torch.cat
[INFO] MI(1550488:139720900962112,MainProcess):2022-08-09-20:57:36.051.975 [MINDCONVERTER] Line 1223 start converting API: torch.cat
[WARNING] MI(1550488:139720900962112,MainProcess):2022-08-09-20:57:36.056.697 [MINDCONVERTER] Line 1244: found unsupported API: torch.sigmoidMaybe could convert to mindspore.ops.operations.Sigmoid.
[WARNING] MI(1550488:139720900962112,MainProcess):2022-08-09-20:57:36.057.235 [MINDCONVERTER] Line 1244: found unsupported API: torch.sigmoidMaybe could convert to mindspore.ops.operations.Sigmoid.
[WARNING] MI(1550488:139720900962112,MainProcess):2022-08-09-20:57:36.057.769 [MINDCONVERTER] Line 1244: found unsupported API: torch.sigmoidMaybe could convert to mindspore.ops.operations.Sigmoid.
[WARNING] MI(1550488:139720900962112,MainProcess):2022-08-09-20:57:36.058.279 [MINDCONVERTER] Line 1244: found unsupported API: torch.sigmoidMaybe could convert to mindspore.ops.operations.Sigmoid.
[WARNING] MI(1550488:139720900962112,MainProcess):2022-08-09-20:57:36.058.803 [MINDCONVERTER] Line 1244: found unsupported API: torch.sigmoidMaybe could convert to mindspore.ops.operations.Sigmoid.
[WARNING] MI(1550488:139720900962112,MainProcess):2022-08-09-20:57:36.059.313 [MINDCONVERTER] Line 1245: found unsupported API: torch.sigmoidMaybe could convert to mindspore.ops.operations.Sigmoid.
[INFO] MI(1550488:139720900962112,MainProcess):2022-08-09-20:57:36.187.334 [MINDCONVERTER] Convert success. Result is wrote to /home/zixiao.wang/dis-code-2207-semi-mindspore/output/main-u2net-full-fast-1024-m.py.
[INFO] MI(1550488:139720900962112,MainProcess):2022-08-09-20:57:36.188.058 [MINDCONVERTER] Convert report is saved in /home/zixiao.wang/dis-code-2207-semi-mindspore/output/report_of_main-u2net-full-fast-1024-m.txt
[INFO] MI(1550488:139720900962112,MainProcess):2022-08-09-20:57:36.188.189 [MINDCONVERTER] MindConverter: conversion is completed.
